<?xml version="1.0" encoding="UTF-8"?>
<!-- Generated by org.testng.reporters.JUnitXMLReporter -->
<testsuite ignored="0" hostname="BUK30LAP4000500" failures="0" tests="3" name="Default test" time="30.225" errors="0" timestamp="2022-07-22T19:19:11 EEST">
  <testcase classname="curs11.HomeWorkCurs11" name="homeworkBook" time="4.51"/>
  <testcase classname="curs11.HomeWorkCurs11" name="homeworkReview" time="7.3"/>
  <testcase classname="curs11.HomeWorkCurs11" name="homeworkAddToCart" time="5.812"/>
</testsuite> <!-- Default test -->
