<?xml version="1.0" encoding="UTF-8"?>
<!-- Generated by org.testng.reporters.JUnitXMLReporter -->
<testsuite ignored="0" hostname="BUK30LAP4000500" failures="0" tests="3" name="Default test" time="29.246" errors="0" timestamp="2022-07-25T12:56:53 EEST">
  <testcase classname="curs11.HomeWorkCurs11" name="homeworkBook" time="4.202"/>
  <testcase classname="curs11.HomeWorkCurs11" name="homeworkReview" time="7.174"/>
  <testcase classname="curs11.HomeWorkCurs11" name="homeworkAddToCart" time="5.681"/>
</testsuite> <!-- Default test -->
