<?xml version="1.0" encoding="UTF-8"?>
<testng-results ignored="0" total="1" passed="1" failed="0" skipped="0">
  <reporter-output>
  </reporter-output>
  <suite started-at="2022-07-15T18:05:40 EEST" name="Default suite" finished-at="2022-07-15T18:05:47 EEST" duration-ms="6386">
    <groups>
    </groups>
    <test started-at="2022-07-15T18:05:40 EEST" name="Default test" finished-at="2022-07-15T18:05:47 EEST" duration-ms="6386">
      <class name="curs9.HomeWorkCurs9">
        <test-method is-config="true" signature="setUp()[pri:0, instance:curs9.HomeWorkCurs9@6cd28fa7]" started-at="2022-07-15T18:05:40 EEST" name="setUp" finished-at="2022-07-15T18:05:44 EEST" duration-ms="3928" status="PASS">
          <reporter-output>
          </reporter-output>
        </test-method> <!-- setUp -->
        <test-method signature="home()[pri:0, instance:curs9.HomeWorkCurs9@6cd28fa7]" started-at="2022-07-15T18:05:44 EEST" name="home" finished-at="2022-07-15T18:05:46 EEST" duration-ms="2011" status="PASS">
          <reporter-output>
          </reporter-output>
        </test-method> <!-- home -->
        <test-method is-config="true" signature="tearDown()[pri:0, instance:curs9.HomeWorkCurs9@6cd28fa7]" started-at="2022-07-15T18:05:46 EEST" name="tearDown" finished-at="2022-07-15T18:05:47 EEST" duration-ms="416" status="PASS">
          <reporter-output>
          </reporter-output>
        </test-method> <!-- tearDown -->
      </class> <!-- curs9.HomeWorkCurs9 -->
    </test> <!-- Default test -->
  </suite> <!-- Default suite -->
</testng-results>
