<?xml version="1.0" encoding="UTF-8"?>
<testng-results ignored="0" total="2" passed="2" failed="0" skipped="0">
  <reporter-output>
  </reporter-output>
  <suite started-at="2022-08-02T18:30:36 EEST" name="Default suite" finished-at="2022-08-02T18:31:02 EEST" duration-ms="26709">
    <groups>
    </groups>
    <test started-at="2022-08-02T18:30:36 EEST" name="Default test" finished-at="2022-08-02T18:31:02 EEST" duration-ms="26709">
      <class name="tests.BlogTest">
        <test-method is-config="true" signature="setUp()[pri:0, instance:tests.BlogTest@18d87d80]" started-at="2022-08-02T18:30:36 EEST" name="setUp" finished-at="2022-08-02T18:30:42 EEST" duration-ms="6814" status="PASS">
          <reporter-output>
          </reporter-output>
        </test-method> <!-- setUp -->
        <test-method signature="blogTest()[pri:0, instance:tests.BlogTest@18d87d80]" started-at="2022-08-02T18:30:42 EEST" name="blogTest" finished-at="2022-08-02T18:30:52 EEST" duration-ms="9994" status="PASS">
          <reporter-output>
          </reporter-output>
        </test-method> <!-- blogTest -->
        <test-method is-config="true" signature="recordFailure(org.testng.ITestResult)[pri:0, instance:tests.BlogTest@18d87d80]" started-at="2022-08-02T18:30:52 EEST" name="recordFailure" finished-at="2022-08-02T18:30:52 EEST" duration-ms="3" status="PASS">
          <params>
            <param index="0">
              <value>
                <![CDATA[[TestResult name=blogTest status=SUCCESS method=BlogTest.blogTest()[pri:0, instance:tests.BlogTest@18d87d80] output={null}]]]>
              </value>
            </param>
          </params>
          <reporter-output>
          </reporter-output>
        </test-method> <!-- recordFailure -->
        <test-method signature="slider()[pri:1, instance:tests.BlogTest@18d87d80]" started-at="2022-08-02T18:30:52 EEST" name="slider" finished-at="2022-08-02T18:31:02 EEST" duration-ms="9539" status="PASS">
          <reporter-output>
          </reporter-output>
        </test-method> <!-- slider -->
        <test-method is-config="true" signature="recordFailure(org.testng.ITestResult)[pri:0, instance:tests.BlogTest@18d87d80]" started-at="2022-08-02T18:31:02 EEST" name="recordFailure" finished-at="2022-08-02T18:31:02 EEST" duration-ms="0" status="PASS">
          <params>
            <param index="0">
              <value>
                <![CDATA[[TestResult name=slider status=SUCCESS method=BlogTest.slider()[pri:1, instance:tests.BlogTest@18d87d80] output={null}]]]>
              </value>
            </param>
          </params>
          <reporter-output>
          </reporter-output>
        </test-method> <!-- recordFailure -->
        <test-method is-config="true" signature="tearDown()[pri:0, instance:tests.BlogTest@18d87d80]" started-at="2022-08-02T18:31:02 EEST" name="tearDown" finished-at="2022-08-02T18:31:02 EEST" duration-ms="317" status="PASS">
          <reporter-output>
          </reporter-output>
        </test-method> <!-- tearDown -->
      </class> <!-- tests.BlogTest -->
    </test> <!-- Default test -->
  </suite> <!-- Default suite -->
</testng-results>
